None of WRF_EM_CORE, WRF_NMM_CORE, 
        specified in shell environment.... 
 
**** Compiling: WRF_EM_CORE .
 
configure.wrf:202: warning: overriding commands for target `module_dm.o'
configure.wrf:191: warning: ignoring old commands for target `module_dm.o'
make -i -r MODULE_DIRS="-I../dyn_em -I../dyn_nmm  -module ../main -I../external/io_netcdf -I../external/io_int -I../external/esmf_time_f90 -I../external -I../frame -I../share -I../phys -I../inc -I../chem" ext
make[1]: Entering directory `/home/jmandel/wrf/wrfv2_fire'
configure.wrf:202: warning: overriding commands for target `module_dm.o'
configure.wrf:191: warning: ignoring old commands for target `module_dm.o'
--------------------------------------
( cd frame ; make -i -r externals )
make[2]: Entering directory `/home/jmandel/wrf/wrfv2_fire/frame'
../configure.wrf:202: warning: overriding commands for target `module_dm.o'
../configure.wrf:191: warning: ignoring old commands for target `module_dm.o'
( cd ../external/ioapi_share ; \
	make -i -r NATIVE_RWORDSIZE="4" RWORDSIZE="4" )
make[3]: Entering directory `/home/jmandel/wrf/wrfv2_fire/external/ioapi_share'
make[3]: Nothing to be done for `all'.
make[3]: Leaving directory `/home/jmandel/wrf/wrfv2_fire/external/ioapi_share'
( cd ../external/io_netcdf ; \
	  make NETCDFPATH=/opt/wrf-libs/netcdf RANLIB="ranlib" CPP="/lib/cpp -traditional" FC="ifort -g  -debug extended -debug-parameters all -traceback -real_size `expr 4 \* 8` -FR -I. -w" )
make[3]: Entering directory `/home/jmandel/wrf/wrfv2_fire/external/io_netcdf'
make[3]: Nothing to be done for `all'.
make[3]: Leaving directory `/home/jmandel/wrf/wrfv2_fire/external/io_netcdf'
( cd ../external/io_grib_share ; \
          make CC="gcc -DFSEEKO64_OK " CFLAGS="-w" RM="rm -f" RANLIB="ranlib" CPP="/lib/cpp -traditional" \
	  FC="ifort -g  -debug extended -debug-parameters all -traceback -real_size `expr 4 \* 8` -I.  -O0 -w -FR -cm -I. -Vaxlib -convert big_endian -mp  -w" archive)
make[3]: Entering directory `/home/jmandel/wrf/wrfv2_fire/external/io_grib_share'
make[4]: Entering directory `/home/jmandel/wrf/wrfv2_fire/external/io_grib_share'
ar cruv ./libio_grib_share.a io_grib_share.o get_region_center.o gridnav.o open_file.o
make[4]: Leaving directory `/home/jmandel/wrf/wrfv2_fire/external/io_grib_share'
make[3]: Leaving directory `/home/jmandel/wrf/wrfv2_fire/external/io_grib_share'
( cd ../external/io_grib1 ; \
          make CC="gcc -DFSEEKO64_OK " CFLAGS="-w" RANLIB="ranlib" CPP="/lib/cpp -traditional" FC="ifort -g  -debug extended -debug-parameters all -traceback -real_size `expr 4 \* 8` -I.  -O0 -w -FR -cm -I. -Vaxlib -convert big_endian -mp  -w" archive)
make[3]: Entering directory `/home/jmandel/wrf/wrfv2_fire/external/io_grib1'
        Doing make archive on library subdirectory MEL_grib1
make[4]: Entering directory `/home/jmandel/wrf/wrfv2_fire/external/io_grib1/MEL_grib1'
make[5]: Entering directory `/home/jmandel/wrf/wrfv2_fire/external/io_grib1/MEL_grib1'
ar ruv ../libio_grib1.a FTP_getfile.o apply_bitmap.o display_gribhdr.o gbyte.o grib_dec.o grib_enc.o grib_seek.o gribgetbds.o gribgetbms.o gribgetgds.o gribgetpds.o gribhdr2file.o gribputbds.o gribputgds.o gribputpds.o hdr_print.o init_dec_struct.o init_enc_struct.o init_gribhdr.o init_struct.o ld_dec_lookup.o ld_enc_input.o ld_enc_lookup.o ld_grib_origctrs.o make_default_grbfn.o make_grib_log.o map_lvl.o map_parm.o pack_spatial.o prt_inp_struct.o upd_child_errmsg.o prt_badmsg.o swap.o grib_uthin.o set_bytes.o
make[5]: Leaving directory `/home/jmandel/wrf/wrfv2_fire/external/io_grib1/MEL_grib1'
make[4]: Leaving directory `/home/jmandel/wrf/wrfv2_fire/external/io_grib1/MEL_grib1'
        Doing make archive on library subdirectory grib1_util
make[4]: Entering directory `/home/jmandel/wrf/wrfv2_fire/external/io_grib1/grib1_util'
make[5]: Entering directory `/home/jmandel/wrf/wrfv2_fire/external/io_grib1/grib1_util'
ar ruv ../libio_grib1.a alloc_2d.o read_grib.o write_grib.o
make[5]: Leaving directory `/home/jmandel/wrf/wrfv2_fire/external/io_grib1/grib1_util'
make[4]: Leaving directory `/home/jmandel/wrf/wrfv2_fire/external/io_grib1/grib1_util'
        Doing make archive on library subdirectory WGRIB
make[4]: Entering directory `/home/jmandel/wrf/wrfv2_fire/external/io_grib1/WGRIB'
make[4]: Nothing to be done for `archive'.
make[4]: Leaving directory `/home/jmandel/wrf/wrfv2_fire/external/io_grib1/WGRIB'
make[4]: Entering directory `/home/jmandel/wrf/wrfv2_fire/external/io_grib1'
ar cruv ./libio_grib1.a grib1_routines.o gribmap.o io_grib1.o trim.o
make[4]: Leaving directory `/home/jmandel/wrf/wrfv2_fire/external/io_grib1'
make[3]: Leaving directory `/home/jmandel/wrf/wrfv2_fire/external/io_grib1'
( cd ../external/io_grib2 ; \
          make CC="gcc -DFSEEKO64_OK " CFLAGS="-w -I/opt/wrf-libs/jasper/include" RM="rm -f" RANLIB="ranlib" CPP="/lib/cpp -traditional" FC="ifort -g  -debug extended -debug-parameters all -traceback -real_size `expr 4 \* 8` -I.  -O0 -w -FR -cm -I. -Vaxlib -convert big_endian -mp  -w" FIXED="-fixed" archive)
make[3]: Entering directory `/home/jmandel/wrf/wrfv2_fire/external/io_grib2'
        Doing make archive on library subdirectory bacio-1.3
make[4]: Entering directory `/home/jmandel/wrf/wrfv2_fire/external/io_grib2/bacio-1.3'
make[5]: Entering directory `/home/jmandel/wrf/wrfv2_fire/external/io_grib2/bacio-1.3'
ar ruv ../libio_grib2.a bacio.v1.3.o baciof.o
make[5]: Leaving directory `/home/jmandel/wrf/wrfv2_fire/external/io_grib2/bacio-1.3'
make[4]: Leaving directory `/home/jmandel/wrf/wrfv2_fire/external/io_grib2/bacio-1.3'
        Doing make archive on library subdirectory g2lib
make[4]: Entering directory `/home/jmandel/wrf/wrfv2_fire/external/io_grib2/g2lib'
make[5]: Entering directory `/home/jmandel/wrf/wrfv2_fire/external/io_grib2/g2lib'
ar ruv ../libio_grib2.a gridtemplates.o pdstemplates.o drstemplates.o gribmod.o realloc.o addfield.o addgrid.o addlocal.o getfield.o gb_info.o gf_getfld.o gf_free.o gf_unpack1.o gf_unpack2.o gf_unpack3.o gf_unpack4.o gf_unpack5.o gf_unpack6.o gf_unpack7.o gettemplates.o getlocal.o getdim.o getpoly.o gribcreate.o gribend.o gribinfo.o mkieee.o rdieee.o simpack.o simunpack.o cmplxpack.o compack.o misspack.o pack_gp.o reduce.o comunpack.o specpack.o specunpack.o jpcpack.o jpcunpack.o enc_jpeg2000.o dec_jpeg2000.o gbytesc.o skgb.o ixgb2.o getidx.o getg2i.o getg2ir.o getgb2s.o getgb2r.o getgb2l.o getgb2.o getgb2p.o getgb2rp.o putgb2.o g2grids.o gdt2gds.o mova2i.o params.o
make[5]: Leaving directory `/home/jmandel/wrf/wrfv2_fire/external/io_grib2/g2lib'
make[4]: Leaving directory `/home/jmandel/wrf/wrfv2_fire/external/io_grib2/g2lib'
make[4]: Entering directory `/home/jmandel/wrf/wrfv2_fire/external/io_grib2'
ar cruv ./libio_grib2.a grib2tbls_types.o io_grib2.o read_grib2map.o
make[4]: Leaving directory `/home/jmandel/wrf/wrfv2_fire/external/io_grib2'
make[3]: Leaving directory `/home/jmandel/wrf/wrfv2_fire/external/io_grib2'
( cd ../external/io_int ; \
          make CC="gcc -DFSEEKO64_OK " RANLIB="ranlib" CPP="/lib/cpp -traditional" SFC="ifort -g  -debug extended -debug-parameters all -traceback -real_size `expr 4 \* 8`  -w -FR -cm -I. -Vaxlib -convert big_endian -mp" FC="ifort -g  -debug extended -debug-parameters all -traceback -real_size `expr 4 \* 8`  -O0 -w -FR -cm -I. -Vaxlib -convert big_endian -mp  -w" all )
make[3]: Entering directory `/home/jmandel/wrf/wrfv2_fire/external/io_int'
cp ../../frame/module_internal_header_util.F module_internal_header_util.b
cp ../../inc/intio_tags.h intio_tags.h
/bin/rm -f module_internal_header_util.f
/lib/cpp -traditional   -I../ioapi_share module_internal_header_util.b > module_internal_header_util.f
ifort -g  -debug extended -debug-parameters all -traceback -real_size 32  -O0 -w -FR -cm -I. -Vaxlib -convert big_endian -mp  -w  -I. -c module_internal_header_util.f
/bin/rm -f module_internal_header_util.b
/lib/cpp -traditional   -I../ioapi_share io_int.F90 | m4 -Uinclude -Uindex -Ulen - > io_int.f
ifort -g  -debug extended -debug-parameters all -traceback -real_size 32  -O0 -w -FR -cm -I. -Vaxlib -convert big_endian -mp  -w  -I. -I../ioapi_share -c io_int.f
fortcom: Warning: io_int.F90, line 362: A dummy argument with an explicit INTENT(OUT) declaration is not given an explicit value.   [STATUS]
SUBROUTINE ext_int_ioexit( Status )
---------------------------^
fortcom: Warning: io_int.F90, line 658: A dummy argument with an explicit INTENT(OUT) declaration is not given an explicit value.   [OUTCOUNT]
SUBROUTINE ext_int_get_dom_ti_real ( DataHandle,Element,   Data, Count, Outcount, Status )
------------------------------------------------------------------------^
fortcom: Warning: io_int.F90, line 737: A dummy argument with an explicit INTENT(OUT) declaration is not given an explicit value.   [DATA]
SUBROUTINE ext_int_get_dom_ti_double ( DataHandle,Element,   Data, Count, Outcount, Status )
-------------------------------------------------------------^
fortcom: Warning: io_int.F90, line 737: A dummy argument with an explicit INTENT(OUT) declaration is not given an explicit value.   [OUTCOUNT]
SUBROUTINE ext_int_get_dom_ti_double ( DataHandle,Element,   Data, Count, Outcount, Status )
--------------------------------------------------------------------------^
fortcom: Warning: io_int.F90, line 737: A dummy argument with an explicit INTENT(OUT) declaration is not given an explicit value.   [STATUS]
SUBROUTINE ext_int_get_dom_ti_double ( DataHandle,Element,   Data, Count, Outcount, Status )
------------------------------------------------------------------------------------^
fortcom: Warning: io_int.F90, line 754: A dummy argument with an explicit INTENT(OUT) declaration is not given an explicit value.   [STATUS]
SUBROUTINE ext_int_put_dom_ti_double ( DataHandle,Element,   Data, Count,  Status )
---------------------------------------------------------------------------^
fortcom: Warning: io_int.F90, line 770: A dummy argument with an explicit INTENT(OUT) declaration is not given an explicit value.   [OUTCOUNT]
SUBROUTINE ext_int_get_dom_ti_integer ( DataHandle,Element,   Data, Count, Outcount, Status )
---------------------------------------------------------------------------^
fortcom: Warning: io_int.F90, line 849: A dummy argument with an explicit INTENT(OUT) declaration is not given an explicit value.   [DATA]
SUBROUTINE ext_int_get_dom_ti_logical ( DataHandle,Element,   Data, Count, Outcount, Status )
--------------------------------------------------------------^
fortcom: Warning: io_int.F90, line 849: A dummy argument with an explicit INTENT(OUT) declaration is not given an explicit value.   [OUTCOUNT]
SUBROUTINE ext_int_get_dom_ti_logical ( DataHandle,Element,   Data, Count, Outcount, Status )
---------------------------------------------------------------------------^
fortcom: Warning: io_int.F90, line 849: A dummy argument with an explicit INTENT(OUT) declaration is not given an explicit value.   [STATUS]
SUBROUTINE ext_int_get_dom_ti_logical ( DataHandle,Element,   Data, Count, Outcount, Status )
-------------------------------------------------------------------------------------^
fortcom: Warning: io_int.F90, line 866: A dummy argument with an explicit INTENT(OUT) declaration is not given an explicit value.   [STATUS]
SUBROUTINE ext_int_put_dom_ti_logical ( DataHandle,Element,   Data, Count,  Status )
----------------------------------------------------------------------------^
fortcom: Warning: io_int.F90, line 958: A dummy argument with an explicit INTENT(OUT) declaration is not given an explicit value.   [DATA]
SUBROUTINE ext_int_get_dom_td_real ( DataHandle,Element, DateStr,  Data, Count, Outcount, Status )
-------------------------------------------------------------------^
fortcom: Warning: io_int.F90, line 958: A dummy argument with an explicit INTENT(OUT) declaration is not given an explicit value.   [OUTCOUNT]
SUBROUTINE ext_int_get_dom_td_real ( DataHandle,Element, DateStr,  Data, Count, Outcount, Status )
--------------------------------------------------------------------------------^
fortcom: Warning: io_int.F90, line 958: A dummy argument with an explicit INTENT(OUT) declaration is not given an explicit value.   [STATUS]
SUBROUTINE ext_int_get_dom_td_real ( DataHandle,Element, DateStr,  Data, Count, Outcount, Status )
------------------------------------------------------------------------------------------^
fortcom: Warning: io_int.F90, line 971: A dummy argument with an explicit INTENT(OUT) declaration is not given an explicit value.   [STATUS]
SUBROUTINE ext_int_put_dom_td_real ( DataHandle,Element, DateStr,  Data, Count,  Status )
---------------------------------------------------------------------------------^
fortcom: Warning: io_int.F90, line 983: A dummy argument with an explicit INTENT(OUT) declaration is not given an explicit value.   [DATA]
SUBROUTINE ext_int_get_dom_td_double ( DataHandle,Element, DateStr,  Data, Count, Outcount, Status )
---------------------------------------------------------------------^
fortcom: Warning: io_int.F90, line 983: A dummy argument with an explicit INTENT(OUT) declaration is not given an explicit value.   [OUTCOUNT]
SUBROUTINE ext_int_get_dom_td_double ( DataHandle,Element, DateStr,  Data, Count, Outcount, Status )
----------------------------------------------------------------------------------^
fortcom: Warning: io_int.F90, line 983: A dummy argument with an explicit INTENT(OUT) declaration is not given an explicit value.   [STATUS]
SUBROUTINE ext_int_get_dom_td_double ( DataHandle,Element, DateStr,  Data, Count, Outcount, Status )
--------------------------------------------------------------------------------------------^
fortcom: Warning: io_int.F90, line 997: A dummy argument with an explicit INTENT(OUT) declaration is not given an explicit value.   [STATUS]
SUBROUTINE ext_int_put_dom_td_double ( DataHandle,Element, DateStr,  Data, Count,  Status )
-----------------------------------------------------------------------------------^
fortcom: Warning: io_int.F90, line 1010: A dummy argument with an explicit INTENT(OUT) declaration is not given an explicit value.   [DATA]
SUBROUTINE ext_int_get_dom_td_integer ( DataHandle,Element, DateStr,  Data, Count, Outcount, Status )
----------------------------------------------------------------------^
fortcom: Warning: io_int.F90, line 1010: A dummy argument with an explicit INTENT(OUT) declaration is not given an explicit value.   [OUTCOUNT]
SUBROUTINE ext_int_get_dom_td_integer ( DataHandle,Element, DateStr,  Data, Count, Outcount, Status )
-----------------------------------------------------------------------------------^
fortcom: Warning: io_int.F90, line 1010: A dummy argument with an explicit INTENT(OUT) declaration is not given an explicit value.   [STATUS]
SUBROUTINE ext_int_get_dom_td_integer ( DataHandle,Element, DateStr,  Data, Count, Outcount, Status )
---------------------------------------------------------------------------------------------^
fortcom: Warning: io_int.F90, line 1023: A dummy argument with an explicit INTENT(OUT) declaration is not given an explicit value.   [STATUS]
SUBROUTINE ext_int_put_dom_td_integer ( DataHandle,Element, DateStr,  Data, Count,  Status )
------------------------------------------------------------------------------------^
fortcom: Warning: io_int.F90, line 1035: A dummy argument with an explicit INTENT(OUT) declaration is not given an explicit value.   [DATA]
SUBROUTINE ext_int_get_dom_td_logical ( DataHandle,Element, DateStr,  Data, Count, Outcount, Status )
----------------------------------------------------------------------^
fortcom: Warning: io_int.F90, line 1035: A dummy argument with an explicit INTENT(OUT) declaration is not given an explicit value.   [OUTCOUNT]
SUBROUTINE ext_int_get_dom_td_logical ( DataHandle,Element, DateStr,  Data, Count, Outcount, Status )
-----------------------------------------------------------------------------------^
fortcom: Warning: io_int.F90, line 1035: A dummy argument with an explicit INTENT(OUT) declaration is not given an explicit value.   [STATUS]
SUBROUTINE ext_int_get_dom_td_logical ( DataHandle,Element, DateStr,  Data, Count, Outcount, Status )
---------------------------------------------------------------------------------------------^
fortcom: Warning: io_int.F90, line 1048: A dummy argument with an explicit INTENT(OUT) declaration is not given an explicit value.   [STATUS]
SUBROUTINE ext_int_put_dom_td_logical ( DataHandle,Element, DateStr,  Data, Count,  Status )
------------------------------------------------------------------------------------^
fortcom: Warning: io_int.F90, line 1124: A dummy argument with an explicit INTENT(OUT) declaration is not given an explicit value.   [DATA]
SUBROUTINE ext_int_get_var_ti_real ( DataHandle,Element,  Varname, Data, Count, Outcount, Status )
-------------------------------------------------------------------^
fortcom: Warning: io_int.F90, line 1124: A dummy argument with an explicit INTENT(OUT) declaration is not given an explicit value.   [OUTCOUNT]
SUBROUTINE ext_int_get_var_ti_real ( DataHandle,Element,  Varname, Data, Count, Outcount, Status )
--------------------------------------------------------------------------------^
fortcom: Warning: io_int.F90, line 1124: A dummy argument with an explicit INTENT(OUT) declaration is not given an explicit value.   [STATUS]
SUBROUTINE ext_int_get_var_ti_real ( DataHandle,Element,  Varname, Data, Count, Outcount, Status )
------------------------------------------------------------------------------------------^
fortcom: Warning: io_int.F90, line 1137: A dummy argument with an explicit INTENT(OUT) declaration is not given an explicit value.   [STATUS]
SUBROUTINE ext_int_put_var_ti_real ( DataHandle,Element,  Varname, Data, Count,  Status )
---------------------------------------------------------------------------------^
fortcom: Warning: io_int.F90, line 1149: A dummy argument with an explicit INTENT(OUT) declaration is not given an explicit value.   [DATA]
SUBROUTINE ext_int_get_var_ti_double ( DataHandle,Element,  Varname, Data, Count, Outcount, Status )
---------------------------------------------------------------------^
fortcom: Warning: io_int.F90, line 1149: A dummy argument with an explicit INTENT(OUT) declaration is not given an explicit value.   [OUTCOUNT]
SUBROUTINE ext_int_get_var_ti_double ( DataHandle,Element,  Varname, Data, Count, Outcount, Status )
----------------------------------------------------------------------------------^
fortcom: Warning: io_int.F90, line 1149: A dummy argument with an explicit INTENT(OUT) declaration is not given an explicit value.   [STATUS]
SUBROUTINE ext_int_get_var_ti_double ( DataHandle,Element,  Varname, Data, Count, Outcount, Status )
--------------------------------------------------------------------------------------------^
fortcom: Warning: io_int.F90, line 1163: A dummy argument with an explicit INTENT(OUT) declaration is not given an explicit value.   [STATUS]
SUBROUTINE ext_int_put_var_ti_double ( DataHandle,Element,  Varname, Data, Count,  Status )
-----------------------------------------------------------------------------------^
fortcom: Warning: io_int.F90, line 1176: A dummy argument with an explicit INTENT(OUT) declaration is not given an explicit value.   [DATA]
SUBROUTINE ext_int_get_var_ti_integer ( DataHandle,Element,  Varname, Data, Count, Outcount, Status )
----------------------------------------------------------------------^
fortcom: Warning: io_int.F90, line 1176: A dummy argument with an explicit INTENT(OUT) declaration is not given an explicit value.   [OUTCOUNT]
SUBROUTINE ext_int_get_var_ti_integer ( DataHandle,Element,  Varname, Data, Count, Outcount, Status )
-----------------------------------------------------------------------------------^
fortcom: Warning: io_int.F90, line 1176: A dummy argument with an explicit INTENT(OUT) declaration is not given an explicit value.   [STATUS]
SUBROUTINE ext_int_get_var_ti_integer ( DataHandle,Element,  Varname, Data, Count, Outcount, Status )
---------------------------------------------------------------------------------------------^
fortcom: Warning: io_int.F90, line 1189: A dummy argument with an explicit INTENT(OUT) declaration is not given an explicit value.   [STATUS]
SUBROUTINE ext_int_put_var_ti_integer ( DataHandle,Element,  Varname, Data, Count,  Status )
------------------------------------------------------------------------------------^
fortcom: Warning: io_int.F90, line 1201: A dummy argument with an explicit INTENT(OUT) declaration is not given an explicit value.   [DATA]
SUBROUTINE ext_int_get_var_ti_logical ( DataHandle,Element,  Varname, Data, Count, Outcount, Status )
----------------------------------------------------------------------^
fortcom: Warning: io_int.F90, line 1201: A dummy argument with an explicit INTENT(OUT) declaration is not given an explicit value.   [OUTCOUNT]
SUBROUTINE ext_int_get_var_ti_logical ( DataHandle,Element,  Varname, Data, Count, Outcount, Status )
-----------------------------------------------------------------------------------^
fortcom: Warning: io_int.F90, line 1201: A dummy argument with an explicit INTENT(OUT) declaration is not given an explicit value.   [STATUS]
SUBROUTINE ext_int_get_var_ti_logical ( DataHandle,Element,  Varname, Data, Count, Outcount, Status )
---------------------------------------------------------------------------------------------^
fortcom: Warning: io_int.F90, line 1214: A dummy argument with an explicit INTENT(OUT) declaration is not given an explicit value.   [STATUS]
SUBROUTINE ext_int_put_var_ti_logical ( DataHandle,Element,  Varname, Data, Count,  Status )
------------------------------------------------------------------------------------^
fortcom: Warning: io_int.F90, line 1290: A dummy argument with an explicit INTENT(OUT) declaration is not given an explicit value.   [DATA]
SUBROUTINE ext_int_get_var_td_real ( DataHandle,Element,  DateStr,Varname, Data, Count, Outcount, Status )
---------------------------------------------------------------------------^
fortcom: Warning: io_int.F90, line 1290: A dummy argument with an explicit INTENT(OUT) declaration is not given an explicit value.   [OUTCOUNT]
SUBROUTINE ext_int_get_var_td_real ( DataHandle,Element,  DateStr,Varname, Data, Count, Outcount, Status )
----------------------------------------------------------------------------------------^
fortcom: Warning: io_int.F90, line 1290: A dummy argument with an explicit INTENT(OUT) declaration is not given an explicit value.   [STATUS]
SUBROUTINE ext_int_get_var_td_real ( DataHandle,Element,  DateStr,Varname, Data, Count, Outcount, Status )
--------------------------------------------------------------------------------------------------^
fortcom: Warning: io_int.F90, line 1304: A dummy argument with an explicit INTENT(OUT) declaration is not given an explicit value.   [STATUS]
SUBROUTINE ext_int_put_var_td_real ( DataHandle,Element,  DateStr,Varname, Data, Count,  Status )
-----------------------------------------------------------------------------------------^
fortcom: Warning: io_int.F90, line 1317: A dummy argument with an explicit INTENT(OUT) declaration is not given an explicit value.   [DATA]
SUBROUTINE ext_int_get_var_td_double ( DataHandle,Element,  DateStr,Varname, Data, Count, Outcount, Status )
-----------------------------------------------------------------------------^
fortcom: Warning: io_int.F90, line 1317: A dummy argument with an explicit INTENT(OUT) declaration is not given an explicit value.   [OUTCOUNT]
SUBROUTINE ext_int_get_var_td_double ( DataHandle,Element,  DateStr,Varname, Data, Count, Outcount, Status )
------------------------------------------------------------------------------------------^
fortcom: Warning: io_int.F90, line 1317: A dummy argument with an explicit INTENT(OUT) declaration is not given an explicit value.   [STATUS]
SUBROUTINE ext_int_get_var_td_double ( DataHandle,Element,  DateStr,Varname, Data, Count, Outcount, Status )
----------------------------------------------------------------------------------------------------^
fortcom: Warning: io_int.F90, line 1332: A dummy argument with an explicit INTENT(OUT) declaration is not given an explicit value.   [STATUS]
SUBROUTINE ext_int_put_var_td_double ( DataHandle,Element,  DateStr,Varname, Data, Count,  Status )
-------------------------------------------------------------------------------------------^
fortcom: Warning: io_int.F90, line 1346: A dummy argument with an explicit INTENT(OUT) declaration is not given an explicit value.   [DATA]
SUBROUTINE ext_int_get_var_td_integer ( DataHandle,Element,  DateStr,Varname, Data, Count, Outcount, Status )
------------------------------------------------------------------------------^
fortcom: Warning: io_int.F90, line 1346: A dummy argument with an explicit INTENT(OUT) declaration is not given an explicit value.   [OUTCOUNT]
SUBROUTINE ext_int_get_var_td_integer ( DataHandle,Element,  DateStr,Varname, Data, Count, Outcount, Status )
-------------------------------------------------------------------------------------------^
fortcom: Warning: io_int.F90, line 1346: A dummy argument with an explicit INTENT(OUT) declaration is not given an explicit value.   [STATUS]
SUBROUTINE ext_int_get_var_td_integer ( DataHandle,Element,  DateStr,Varname, Data, Count, Outcount, Status )
-----------------------------------------------------------------------------------------------------^
fortcom: Warning: io_int.F90, line 1360: A dummy argument with an explicit INTENT(OUT) declaration is not given an explicit value.   [STATUS]
SUBROUTINE ext_int_put_var_td_integer ( DataHandle,Element,  DateStr,Varname, Data, Count,  Status )
--------------------------------------------------------------------------------------------^
fortcom: Warning: io_int.F90, line 1373: A dummy argument with an explicit INTENT(OUT) declaration is not given an explicit value.   [DATA]
SUBROUTINE ext_int_get_var_td_logical ( DataHandle,Element,  DateStr,Varname, Data, Count, Outcount, Status )
------------------------------------------------------------------------------^
fortcom: Warning: io_int.F90, line 1373: A dummy argument with an explicit INTENT(OUT) declaration is not given an explicit value.   [OUTCOUNT]
SUBROUTINE ext_int_get_var_td_logical ( DataHandle,Element,  DateStr,Varname, Data, Count, Outcount, Status )
-------------------------------------------------------------------------------------------^
fortcom: Warning: io_int.F90, line 1373: A dummy argument with an explicit INTENT(OUT) declaration is not given an explicit value.   [STATUS]
SUBROUTINE ext_int_get_var_td_logical ( DataHandle,Element,  DateStr,Varname, Data, Count, Outcount, Status )
-----------------------------------------------------------------------------------------------------^
fortcom: Warning: io_int.F90, line 1387: A dummy argument with an explicit INTENT(OUT) declaration is not given an explicit value.   [STATUS]
SUBROUTINE ext_int_put_var_td_logical ( DataHandle,Element,  DateStr,Varname, Data, Count,  Status )
--------------------------------------------------------------------------------------------^
fortcom: Warning: io_int.F90, line 1400: A dummy argument with an explicit INTENT(OUT) declaration is not given an explicit value.   [STATUS]
SUBROUTINE ext_int_get_var_td_char ( DataHandle,Element,  DateStr,Varname, Data,  Status )
----------------------------------------------------------------------------------^
fortcom: Warning: io_int.F90, line 1412: A dummy argument with an explicit INTENT(OUT) declaration is not given an explicit value.   [STATUS]
SUBROUTINE ext_int_put_var_td_char ( DataHandle,Element,  DateStr,Varname, Data,  Status )
----------------------------------------------------------------------------------^
/bin/rm -f module_internal_header_util.o
/bin/rm -f intio_tags.h
/bin/rm -f libwrfio_int.a
ar cr libwrfio_int.a io_int.o 
ranlib libwrfio_int.a
if [ -f ../../frame/pack_utils.o ] ; then \
			mv diffwrf.F diffwrf.F90    ; \
			/lib/cpp -traditional   -I../ioapi_share diffwrf.F90 > diffwrf.f  ; \
			ifort -g  -debug extended -debug-parameters all -traceback -real_size 32  -w -FR -cm -I. -Vaxlib -convert big_endian -mp -c  -I../ioapi_share diffwrf.f    ; \
			mv diffwrf.F90 diffwrf.F ; \
			ifort -g  -debug extended -debug-parameters all -traceback -real_size 32  -w -FR -cm -I. -Vaxlib -convert big_endian -mp   -o diffwrf diffwrf.o io_int.o  \
                        ../../frame/pack_utils.o ../../frame/module_internal_header_util.o \
                        ../../frame/module_driver_constants.o \
			../../frame/module_machine.o ../../frame/wrf_debug.o ../../frame/module_wrf_error.o \
			 ; fi
make[3]: Leaving directory `/home/jmandel/wrf/wrfv2_fire/external/io_int'
( cd ../external/esmf_time_f90 ; \
	  make FC="ifort -g  -debug extended -debug-parameters all -traceback -real_size `expr 4 \* 8`  -O0 -w -FR -cm -I. -Vaxlib -convert big_endian -mp " RANLIB="ranlib" CPP="/lib/cpp -traditional -I../../inc -I.  -DEM_CORE=1 -DNMM_CORE=0 -DNMM_MAX_DIM=2600 -DCOAMPS_CORE=0 -DEXP_CORE=0 -DNONSTANDARD_SYSTEM -DCONFIG_BUF_LEN=16384 -DMAX_DOMAINS_F=21" )
make[3]: Entering directory `/home/jmandel/wrf/wrfv2_fire/external/esmf_time_f90'
make[3]: Nothing to be done for `default'.
make[3]: Leaving directory `/home/jmandel/wrf/wrfv2_fire/external/esmf_time_f90'
make[2]: Leaving directory `/home/jmandel/wrf/wrfv2_fire/frame'
make[1]: Leaving directory `/home/jmandel/wrf/wrfv2_fire'
make -i -r MODULE_DIRS="-I../dyn_em -I../dyn_nmm  -module ../main -I../external/io_netcdf -I../external/io_int -I../external/esmf_time_f90 -I../external -I../frame -I../share -I../phys -I../inc -I../chem" toolsdir
make[1]: Entering directory `/home/jmandel/wrf/wrfv2_fire'
configure.wrf:202: warning: overriding commands for target `module_dm.o'
configure.wrf:191: warning: ignoring old commands for target `module_dm.o'
--------------------------------------
( cd tools ; make -i -r CC="gcc -DFSEEKO64_OK " )
make[2]: Entering directory `/home/jmandel/wrf/wrfv2_fire/tools'
make[2]: `registry' is up to date.
make[2]: Leaving directory `/home/jmandel/wrf/wrfv2_fire/tools'
make[1]: Leaving directory `/home/jmandel/wrf/wrfv2_fire'
/bin/rm -f main/libwrflib.a
make -i -r MODULE_DIRS="-I../dyn_em -I../dyn_nmm  -module ../main -I../external/io_netcdf -I../external/io_int -I../external/esmf_time_f90 -I../external -I../frame -I../share -I../phys -I../inc -I../chem" framework
make[1]: Entering directory `/home/jmandel/wrf/wrfv2_fire'
configure.wrf:202: warning: overriding commands for target `module_dm.o'
configure.wrf:191: warning: ignoring old commands for target `module_dm.o'
--------------------------------------
( cd frame ; make -i -r framework; \
	cd ../external/io_netcdf ; make NETCDFPATH="/opt/wrf-libs/netcdf" FC="ifort -g  -debug extended -debug-parameters all -traceback -w -FR -cm -I. -Vaxlib -convert big_endian -mp" RANLIB="ranlib" CPP="/lib/cpp -traditional" LDFLAGS="-O0 -w -FR -cm -I. -Vaxlib -convert big_endian -mp   " ESMF_IO_LIB_EXT="-L../../external/esmf_time_f90 -lesmf_time" ESMF_MOD_DEPENDENCE="../../external/esmf_time_f90/module_utility.o" diffwrf; \
	cd ../io_int ; make -i -r SFC="ifort -g  -debug extended -debug-parameters all -traceback -w -FR -cm -I. -Vaxlib -convert big_endian -mp" FC="ifort -g  -debug extended -debug-parameters all -traceback -w -FR -cm -I. -Vaxlib -convert big_endian -mp" RANLIB="ranlib" CPP="/lib/cpp -traditional" ESMF_IO_LIB_EXT="-L../../external/esmf_time_f90 -lesmf_time" ESMF_MOD_DEPENDENCE="../../external/esmf_time_f90/module_utility.o" diffwrf ; cd ../../frame )
make[2]: Entering directory `/home/jmandel/wrf/wrfv2_fire/frame'
../configure.wrf:202: warning: overriding commands for target `module_dm.o'
../configure.wrf:191: warning: ignoring old commands for target `module_dm.o'
ar ru ../main/libwrflib.a module_driver_constants.o module_domain.o module_integrate.o module_timing.o module_configure.o module_tiles.o module_machine.o module_nesting.o module_wrf_error.o module_state_description.o module_sm.o module_io.o module_dm.o module_quilt_outbuf_ops.o module_io_quilt.o wrf_num_bytes_between.o wrf_shutdown.o wrf_debug.o libmassv.o collect_on_comm.o
ar: creating ../main/libwrflib.a
ranlib ../main/libwrflib.a
make[2]: Leaving directory `/home/jmandel/wrf/wrfv2_fire/frame'
make[2]: Entering directory `/home/jmandel/wrf/wrfv2_fire/external/io_netcdf'
make[2]: `diffwrf' is up to date.
make[2]: Leaving directory `/home/jmandel/wrf/wrfv2_fire/external/io_netcdf'
make[2]: Entering directory `/home/jmandel/wrf/wrfv2_fire/external/io_int'
cp ../../frame/module_internal_header_util.F module_internal_header_util.b
cp ../../inc/intio_tags.h intio_tags.h
/bin/rm -f module_internal_header_util.f
/lib/cpp -traditional   -I../ioapi_share module_internal_header_util.b > module_internal_header_util.f
ifort -g  -debug extended -debug-parameters all -traceback -w -FR -cm -I. -Vaxlib -convert big_endian -mp  -I. -c module_internal_header_util.f
/bin/rm -f module_internal_header_util.b
/lib/cpp -traditional   -I../ioapi_share io_int.F90 | m4 -Uinclude -Uindex -Ulen - > io_int.f
ifort -g  -debug extended -debug-parameters all -traceback -w -FR -cm -I. -Vaxlib -convert big_endian -mp  -I. -I../ioapi_share -c io_int.f
fortcom: Warning: io_int.F90, line 362: A dummy argument with an explicit INTENT(OUT) declaration is not given an explicit value.   [STATUS]
SUBROUTINE ext_int_ioexit( Status )
---------------------------^
fortcom: Warning: io_int.F90, line 658: A dummy argument with an explicit INTENT(OUT) declaration is not given an explicit value.   [OUTCOUNT]
SUBROUTINE ext_int_get_dom_ti_real ( DataHandle,Element,   Data, Count, Outcount, Status )
------------------------------------------------------------------------^
fortcom: Warning: io_int.F90, line 737: A dummy argument with an explicit INTENT(OUT) declaration is not given an explicit value.   [DATA]
SUBROUTINE ext_int_get_dom_ti_double ( DataHandle,Element,   Data, Count, Outcount, Status )
-------------------------------------------------------------^
fortcom: Warning: io_int.F90, line 737: A dummy argument with an explicit INTENT(OUT) declaration is not given an explicit value.   [OUTCOUNT]
SUBROUTINE ext_int_get_dom_ti_double ( DataHandle,Element,   Data, Count, Outcount, Status )
--------------------------------------------------------------------------^
fortcom: Warning: io_int.F90, line 737: A dummy argument with an explicit INTENT(OUT) declaration is not given an explicit value.   [STATUS]
SUBROUTINE ext_int_get_dom_ti_double ( DataHandle,Element,   Data, Count, Outcount, Status )
------------------------------------------------------------------------------------^
fortcom: Warning: io_int.F90, line 754: A dummy argument with an explicit INTENT(OUT) declaration is not given an explicit value.   [STATUS]
SUBROUTINE ext_int_put_dom_ti_double ( DataHandle,Element,   Data, Count,  Status )
---------------------------------------------------------------------------^
fortcom: Warning: io_int.F90, line 770: A dummy argument with an explicit INTENT(OUT) declaration is not given an explicit value.   [OUTCOUNT]
SUBROUTINE ext_int_get_dom_ti_integer ( DataHandle,Element,   Data, Count, Outcount, Status )
---------------------------------------------------------------------------^
fortcom: Warning: io_int.F90, line 849: A dummy argument with an explicit INTENT(OUT) declaration is not given an explicit value.   [DATA]
SUBROUTINE ext_int_get_dom_ti_logical ( DataHandle,Element,   Data, Count, Outcount, Status )
--------------------------------------------------------------^
fortcom: Warning: io_int.F90, line 849: A dummy argument with an explicit INTENT(OUT) declaration is not given an explicit value.   [OUTCOUNT]
SUBROUTINE ext_int_get_dom_ti_logical ( DataHandle,Element,   Data, Count, Outcount, Status )
---------------------------------------------------------------------------^
fortcom: Warning: io_int.F90, line 849: A dummy argument with an explicit INTENT(OUT) declaration is not given an explicit value.   [STATUS]
SUBROUTINE ext_int_get_dom_ti_logical ( DataHandle,Element,   Data, Count, Outcount, Status )
-------------------------------------------------------------------------------------^
fortcom: Warning: io_int.F90, line 866: A dummy argument with an explicit INTENT(OUT) declaration is not given an explicit value.   [STATUS]
SUBROUTINE ext_int_put_dom_ti_logical ( DataHandle,Element,   Data, Count,  Status )
----------------------------------------------------------------------------^
fortcom: Warning: io_int.F90, line 958: A dummy argument with an explicit INTENT(OUT) declaration is not given an explicit value.   [DATA]
SUBROUTINE ext_int_get_dom_td_real ( DataHandle,Element, DateStr,  Data, Count, Outcount, Status )
-------------------------------------------------------------------^
fortcom: Warning: io_int.F90, line 958: A dummy argument with an explicit INTENT(OUT) declaration is not given an explicit value.   [OUTCOUNT]
SUBROUTINE ext_int_get_dom_td_real ( DataHandle,Element, DateStr,  Data, Count, Outcount, Status )
--------------------------------------------------------------------------------^
fortcom: Warning: io_int.F90, line 958: A dummy argument with an explicit INTENT(OUT) declaration is not given an explicit value.   [STATUS]
SUBROUTINE ext_int_get_dom_td_real ( DataHandle,Element, DateStr,  Data, Count, Outcount, Status )
------------------------------------------------------------------------------------------^
fortcom: Warning: io_int.F90, line 971: A dummy argument with an explicit INTENT(OUT) declaration is not given an explicit value.   [STATUS]
SUBROUTINE ext_int_put_dom_td_real ( DataHandle,Element, DateStr,  Data, Count,  Status )
---------------------------------------------------------------------------------^
fortcom: Warning: io_int.F90, line 983: A dummy argument with an explicit INTENT(OUT) declaration is not given an explicit value.   [DATA]
SUBROUTINE ext_int_get_dom_td_double ( DataHandle,Element, DateStr,  Data, Count, Outcount, Status )
---------------------------------------------------------------------^
fortcom: Warning: io_int.F90, line 983: A dummy argument with an explicit INTENT(OUT) declaration is not given an explicit value.   [OUTCOUNT]
SUBROUTINE ext_int_get_dom_td_double ( DataHandle,Element, DateStr,  Data, Count, Outcount, Status )
----------------------------------------------------------------------------------^
fortcom: Warning: io_int.F90, line 983: A dummy argument with an explicit INTENT(OUT) declaration is not given an explicit value.   [STATUS]
SUBROUTINE ext_int_get_dom_td_double ( DataHandle,Element, DateStr,  Data, Count, Outcount, Status )
--------------------------------------------------------------------------------------------^
fortcom: Warning: io_int.F90, line 997: A dummy argument with an explicit INTENT(OUT) declaration is not given an explicit value.   [STATUS]
SUBROUTINE ext_int_put_dom_td_double ( DataHandle,Element, DateStr,  Data, Count,  Status )
-----------------------------------------------------------------------------------^
fortcom: Warning: io_int.F90, line 1010: A dummy argument with an explicit INTENT(OUT) declaration is not given an explicit value.   [DATA]
SUBROUTINE ext_int_get_dom_td_integer ( DataHandle,Element, DateStr,  Data, Count, Outcount, Status )
----------------------------------------------------------------------^
fortcom: Warning: io_int.F90, line 1010: A dummy argument with an explicit INTENT(OUT) declaration is not given an explicit value.   [OUTCOUNT]
SUBROUTINE ext_int_get_dom_td_integer ( DataHandle,Element, DateStr,  Data, Count, Outcount, Status )
-----------------------------------------------------------------------------------^
fortcom: Warning: io_int.F90, line 1010: A dummy argument with an explicit INTENT(OUT) declaration is not given an explicit value.   [STATUS]
SUBROUTINE ext_int_get_dom_td_integer ( DataHandle,Element, DateStr,  Data, Count, Outcount, Status )
---------------------------------------------------------------------------------------------^
fortcom: Warning: io_int.F90, line 1023: A dummy argument with an explicit INTENT(OUT) declaration is not given an explicit value.   [STATUS]
SUBROUTINE ext_int_put_dom_td_integer ( DataHandle,Element, DateStr,  Data, Count,  Status )
------------------------------------------------------------------------------------^
fortcom: Warning: io_int.F90, line 1035: A dummy argument with an explicit INTENT(OUT) declaration is not given an explicit value.   [DATA]
SUBROUTINE ext_int_get_dom_td_logical ( DataHandle,Element, DateStr,  Data, Count, Outcount, Status )
----------------------------------------------------------------------^
fortcom: Warning: io_int.F90, line 1035: A dummy argument with an explicit INTENT(OUT) declaration is not given an explicit value.   [OUTCOUNT]
SUBROUTINE ext_int_get_dom_td_logical ( DataHandle,Element, DateStr,  Data, Count, Outcount, Status )
-----------------------------------------------------------------------------------^
fortcom: Warning: io_int.F90, line 1035: A dummy argument with an explicit INTENT(OUT) declaration is not given an explicit value.   [STATUS]
SUBROUTINE ext_int_get_dom_td_logical ( DataHandle,Element, DateStr,  Data, Count, Outcount, Status )
---------------------------------------------------------------------------------------------^
fortcom: Warning: io_int.F90, line 1048: A dummy argument with an explicit INTENT(OUT) declaration is not given an explicit value.   [STATUS]
SUBROUTINE ext_int_put_dom_td_logical ( DataHandle,Element, DateStr,  Data, Count,  Status )
------------------------------------------------------------------------------------^
fortcom: Warning: io_int.F90, line 1124: A dummy argument with an explicit INTENT(OUT) declaration is not given an explicit value.   [DATA]
SUBROUTINE ext_int_get_var_ti_real ( DataHandle,Element,  Varname, Data, Count, Outcount, Status )
-------------------------------------------------------------------^
fortcom: Warning: io_int.F90, line 1124: A dummy argument with an explicit INTENT(OUT) declaration is not given an explicit value.   [OUTCOUNT]
SUBROUTINE ext_int_get_var_ti_real ( DataHandle,Element,  Varname, Data, Count, Outcount, Status )
--------------------------------------------------------------------------------^
fortcom: Warning: io_int.F90, line 1124: A dummy argument with an explicit INTENT(OUT) declaration is not given an explicit value.   [STATUS]
SUBROUTINE ext_int_get_var_ti_real ( DataHandle,Element,  Varname, Data, Count, Outcount, Status )
------------------------------------------------------------------------------------------^
fortcom: Warning: io_int.F90, line 1137: A dummy argument with an explicit INTENT(OUT) declaration is not given an explicit value.   [STATUS]
SUBROUTINE ext_int_put_var_ti_real ( DataHandle,Element,  Varname, Data, Count,  Status )
---------------------------------------------------------------------------------^
fortcom: Warning: io_int.F90, line 1149: A dummy argument with an explicit INTENT(OUT) declaration is not given an explicit value.   [DATA]
SUBROUTINE ext_int_get_var_ti_double ( DataHandle,Element,  Varname, Data, Count, Outcount, Status )
---------------------------------------------------------------------^
fortcom: Warning: io_int.F90, line 1149: A dummy argument with an explicit INTENT(OUT) declaration is not given an explicit value.   [OUTCOUNT]
SUBROUTINE ext_int_get_var_ti_double ( DataHandle,Element,  Varname, Data, Count, Outcount, Status )
----------------------------------------------------------------------------------^
fortcom: Warning: io_int.F90, line 1149: A dummy argument with an explicit INTENT(OUT) declaration is not given an explicit value.   [STATUS]
SUBROUTINE ext_int_get_var_ti_double ( DataHandle,Element,  Varname, Data, Count, Outcount, Status )
--------------------------------------------------------------------------------------------^
fortcom: Warning: io_int.F90, line 1163: A dummy argument with an explicit INTENT(OUT) declaration is not given an explicit value.   [STATUS]
SUBROUTINE ext_int_put_var_ti_double ( DataHandle,Element,  Varname, Data, Count,  Status )
-----------------------------------------------------------------------------------^
fortcom: Warning: io_int.F90, line 1176: A dummy argument with an explicit INTENT(OUT) declaration is not given an explicit value.   [DATA]
SUBROUTINE ext_int_get_var_ti_integer ( DataHandle,Element,  Varname, Data, Count, Outcount, Status )
----------------------------------------------------------------------^
fortcom: Warning: io_int.F90, line 1176: A dummy argument with an explicit INTENT(OUT) declaration is not given an explicit value.   [OUTCOUNT]
SUBROUTINE ext_int_get_var_ti_integer ( DataHandle,Element,  Varname, Data, Count, Outcount, Status )
-----------------------------------------------------------------------------------^
fortcom: Warning: io_int.F90, line 1176: A dummy argument with an explicit INTENT(OUT) declaration is not given an explicit value.   [STATUS]
SUBROUTINE ext_int_get_var_ti_integer ( DataHandle,Element,  Varname, Data, Count, Outcount, Status )
---------------------------------------------------------------------------------------------^
fortcom: Warning: io_int.F90, line 1189: A dummy argument with an explicit INTENT(OUT) declaration is not given an explicit value.   [STATUS]
SUBROUTINE ext_int_put_var_ti_integer ( DataHandle,Element,  Varname, Data, Count,  Status )
------------------------------------------------------------------------------------^
fortcom: Warning: io_int.F90, line 1201: A dummy argument with an explicit INTENT(OUT) declaration is not given an explicit value.   [DATA]
SUBROUTINE ext_int_get_var_ti_logical ( DataHandle,Element,  Varname, Data, Count, Outcount, Status )
----------------------------------------------------------------------^
fortcom: Warning: io_int.F90, line 1201: A dummy argument with an explicit INTENT(OUT) declaration is not given an explicit value.   [OUTCOUNT]
SUBROUTINE ext_int_get_var_ti_logical ( DataHandle,Element,  Varname, Data, Count, Outcount, Status )
-----------------------------------------------------------------------------------^
fortcom: Warning: io_int.F90, line 1201: A dummy argument with an explicit INTENT(OUT) declaration is not given an explicit value.   [STATUS]
SUBROUTINE ext_int_get_var_ti_logical ( DataHandle,Element,  Varname, Data, Count, Outcount, Status )
---------------------------------------------------------------------------------------------^
fortcom: Warning: io_int.F90, line 1214: A dummy argument with an explicit INTENT(OUT) declaration is not given an explicit value.   [STATUS]
SUBROUTINE ext_int_put_var_ti_logical ( DataHandle,Element,  Varname, Data, Count,  Status )
------------------------------------------------------------------------------------^
fortcom: Warning: io_int.F90, line 1290: A dummy argument with an explicit INTENT(OUT) declaration is not given an explicit value.   [DATA]
SUBROUTINE ext_int_get_var_td_real ( DataHandle,Element,  DateStr,Varname, Data, Count, Outcount, Status )
---------------------------------------------------------------------------^
fortcom: Warning: io_int.F90, line 1290: A dummy argument with an explicit INTENT(OUT) declaration is not given an explicit value.   [OUTCOUNT]
SUBROUTINE ext_int_get_var_td_real ( DataHandle,Element,  DateStr,Varname, Data, Count, Outcount, Status )
----------------------------------------------------------------------------------------^
fortcom: Warning: io_int.F90, line 1290: A dummy argument with an explicit INTENT(OUT) declaration is not given an explicit value.   [STATUS]
SUBROUTINE ext_int_get_var_td_real ( DataHandle,Element,  DateStr,Varname, Data, Count, Outcount, Status )
--------------------------------------------------------------------------------------------------^
fortcom: Warning: io_int.F90, line 1304: A dummy argument with an explicit INTENT(OUT) declaration is not given an explicit value.   [STATUS]
SUBROUTINE ext_int_put_var_td_real ( DataHandle,Element,  DateStr,Varname, Data, Count,  Status )
-----------------------------------------------------------------------------------------^
fortcom: Warning: io_int.F90, line 1317: A dummy argument with an explicit INTENT(OUT) declaration is not given an explicit value.   [DATA]
SUBROUTINE ext_int_get_var_td_double ( DataHandle,Element,  DateStr,Varname, Data, Count, Outcount, Status )
-----------------------------------------------------------------------------^
fortcom: Warning: io_int.F90, line 1317: A dummy argument with an explicit INTENT(OUT) declaration is not given an explicit value.   [OUTCOUNT]
SUBROUTINE ext_int_get_var_td_double ( DataHandle,Element,  DateStr,Varname, Data, Count, Outcount, Status )
------------------------------------------------------------------------------------------^
fortcom: Warning: io_int.F90, line 1317: A dummy argument with an explicit INTENT(OUT) declaration is not given an explicit value.   [STATUS]
SUBROUTINE ext_int_get_var_td_double ( DataHandle,Element,  DateStr,Varname, Data, Count, Outcount, Status )
----------------------------------------------------------------------------------------------------^
fortcom: Warning: io_int.F90, line 1332: A dummy argument with an explicit INTENT(OUT) declaration is not given an explicit value.   [STATUS]
SUBROUTINE ext_int_put_var_td_double ( DataHandle,Element,  DateStr,Varname, Data, Count,  Status )
-------------------------------------------------------------------------------------------^
fortcom: Warning: io_int.F90, line 1346: A dummy argument with an explicit INTENT(OUT) declaration is not given an explicit value.   [DATA]
SUBROUTINE ext_int_get_var_td_integer ( DataHandle,Element,  DateStr,Varname, Data, Count, Outcount, Status )
------------------------------------------------------------------------------^
fortcom: Warning: io_int.F90, line 1346: A dummy argument with an explicit INTENT(OUT) declaration is not given an explicit value.   [OUTCOUNT]
SUBROUTINE ext_int_get_var_td_integer ( DataHandle,Element,  DateStr,Varname, Data, Count, Outcount, Status )
-------------------------------------------------------------------------------------------^
fortcom: Warning: io_int.F90, line 1346: A dummy argument with an explicit INTENT(OUT) declaration is not given an explicit value.   [STATUS]
SUBROUTINE ext_int_get_var_td_integer ( DataHandle,Element,  DateStr,Varname, Data, Count, Outcount, Status )
-----------------------------------------------------------------------------------------------------^
fortcom: Warning: io_int.F90, line 1360: A dummy argument with an explicit INTENT(OUT) declaration is not given an explicit value.   [STATUS]
SUBROUTINE ext_int_put_var_td_integer ( DataHandle,Element,  DateStr,Varname, Data, Count,  Status )
--------------------------------------------------------------------------------------------^
fortcom: Warning: io_int.F90, line 1373: A dummy argument with an explicit INTENT(OUT) declaration is not given an explicit value.   [DATA]
SUBROUTINE ext_int_get_var_td_logical ( DataHandle,Element,  DateStr,Varname, Data, Count, Outcount, Status )
------------------------------------------------------------------------------^
fortcom: Warning: io_int.F90, line 1373: A dummy argument with an explicit INTENT(OUT) declaration is not given an explicit value.   [OUTCOUNT]
SUBROUTINE ext_int_get_var_td_logical ( DataHandle,Element,  DateStr,Varname, Data, Count, Outcount, Status )
-------------------------------------------------------------------------------------------^
fortcom: Warning: io_int.F90, line 1373: A dummy argument with an explicit INTENT(OUT) declaration is not given an explicit value.   [STATUS]
SUBROUTINE ext_int_get_var_td_logical ( DataHandle,Element,  DateStr,Varname, Data, Count, Outcount, Status )
-----------------------------------------------------------------------------------------------------^
fortcom: Warning: io_int.F90, line 1387: A dummy argument with an explicit INTENT(OUT) declaration is not given an explicit value.   [STATUS]
SUBROUTINE ext_int_put_var_td_logical ( DataHandle,Element,  DateStr,Varname, Data, Count,  Status )
--------------------------------------------------------------------------------------------^
fortcom: Warning: io_int.F90, line 1400: A dummy argument with an explicit INTENT(OUT) declaration is not given an explicit value.   [STATUS]
SUBROUTINE ext_int_get_var_td_char ( DataHandle,Element,  DateStr,Varname, Data,  Status )
----------------------------------------------------------------------------------^
fortcom: Warning: io_int.F90, line 1412: A dummy argument with an explicit INTENT(OUT) declaration is not given an explicit value.   [STATUS]
SUBROUTINE ext_int_put_var_td_char ( DataHandle,Element,  DateStr,Varname, Data,  Status )
----------------------------------------------------------------------------------^
/bin/rm -f module_internal_header_util.o
/bin/rm -f intio_tags.h
/bin/rm -f libwrfio_int.a
ar cr libwrfio_int.a io_int.o 
ranlib libwrfio_int.a
make[2]: Leaving directory `/home/jmandel/wrf/wrfv2_fire/external/io_int'
make[1]: Leaving directory `/home/jmandel/wrf/wrfv2_fire'
make -i -r MODULE_DIRS="-I../dyn_em -I../dyn_nmm  -module ../main -I../external/io_netcdf -I../external/io_int -I../external/esmf_time_f90 -I../external -I../frame -I../share -I../phys -I../inc -I../chem" shared
make[1]: Entering directory `/home/jmandel/wrf/wrfv2_fire'
configure.wrf:202: warning: overriding commands for target `module_dm.o'
configure.wrf:191: warning: ignoring old commands for target `module_dm.o'
--------------------------------------
( cd share ; make -i -r )
make[2]: Entering directory `/home/jmandel/wrf/wrfv2_fire/share'
../configure.wrf:202: warning: overriding commands for target `module_dm.o'
../configure.wrf:191: warning: ignoring old commands for target `module_dm.o'
rm -f init_modules.o
sed -f ../arch/standard.sed init_modules.F > init_modules.b 
/lib/cpp -traditional -I../inc -I. -C -P -DEM_CORE=1 -DNMM_CORE=0 -DNMM_MAX_DIM=2600 -DCOAMPS_CORE=0 -DEXP_CORE=0  -DLIMIT_ARGS -DIWORDSIZE=4 -DDWORDSIZE=8 -DRWORDSIZE=4 -DLWORDSIZE=4 -DNETCDF -DGRIB1 -DGRIB2   -DEM_CORE=1 -DNMM_CORE=0 -DNMM_MAX_DIM=2600 -DCOAMPS_CORE=0 -DEXP_CORE=0 -DNONSTANDARD_SYSTEM -DCONFIG_BUF_LEN=16384 -DMAX_DOMAINS_F=21 init_modules.b  > init_modules.f90
rm -f init_modules.b
ifort -g  -debug extended -debug-parameters all -traceback -c -O0 -w -FR -cm -I. -Vaxlib -convert big_endian -mp  -I../dyn_em -I../dyn_nmm  -module ../main -I../external/io_netcdf -I../external/io_int -I../external/esmf_time_f90 -I../external -I../frame -I../share -I../phys -I../inc -I../chem -real_size `expr 4 \* 8`  init_modules.f90
if [ 0 -eq 1 ] ; then \
                  make -i -r nmm_contrib                                      ; \
                  ar ru ../main/libwrflib.a module_bc.o module_bc_time_utilities.o module_io_wrf.o module_date_time.o module_get_file_names.o module_io_domain.o module_model_constants.o module_MPP.o module_wrf_top.o module_optional_si_input.o module_compute_geop.o module_soil_pre.o mediation_integrate.o mediation_interp_domain.o mediation_force_domain.o mediation_feedback_domain.o mediation_nest_move.o mediation_wrfmain.o solve_interface.o start_domain.o init_modules.o set_timekeeping.o interp_fcn.o sint.o input_wrf.o output_wrf.o wrf_ext_write_field.o wrf_ext_read_field.o wrf_inputout.o wrf_auxinput1out.o wrf_auxinput2out.o wrf_auxinput3out.o wrf_auxinput4out.o wrf_auxinput5out.o wrf_auxinput6out.o wrf_auxinput7out.o wrf_auxinput8out.o wrf_auxinput9out.o wrf_auxinput10out.o wrf_auxinput11out.o wrf_histout.o wrf_auxhist1out.o wrf_auxhist2out.o wrf_auxhist3out.o wrf_auxhist4out.o wrf_auxhist5out.o wrf_auxhist6out.o wrf_auxhist7out.o wrf_auxhist8out.o wrf_auxhist9out.o wrf_auxhist10out.o wrf_auxhist11out.o wrf_restartout.o wrf_bdyout.o wrf_inputin.o wrf_auxhist1in.o wrf_auxhist2in.o wrf_auxhist3in.o wrf_auxhist4in.o wrf_auxhist5in.o wrf_auxhist6in.o wrf_auxhist7in.o wrf_auxhist8in.o wrf_auxhist9in.o wrf_auxhist10in.o wrf_auxhist11in.o wrf_auxinput1in.o wrf_auxinput2in.o wrf_auxinput3in.o wrf_auxinput4in.o wrf_auxinput5in.o wrf_auxinput6in.o wrf_auxinput7in.o wrf_auxinput8in.o wrf_auxinput9in.o wrf_auxinput10in.o wrf_auxinput11in.o wrf_fddaobs_in.o wrf_bdyin.o wrf_histin.o wrf_restartin.o landread.o   ; \
                  else                                                         \
                  ar ru ../main/libwrflib.a module_bc.o module_bc_time_utilities.o module_io_wrf.o module_date_time.o module_get_file_names.o module_io_domain.o module_model_constants.o module_MPP.o module_wrf_top.o module_optional_si_input.o module_compute_geop.o module_soil_pre.o mediation_integrate.o mediation_interp_domain.o mediation_force_domain.o mediation_feedback_domain.o mediation_nest_move.o mediation_wrfmain.o solve_interface.o start_domain.o init_modules.o set_timekeeping.o interp_fcn.o sint.o input_wrf.o output_wrf.o wrf_ext_write_field.o wrf_ext_read_field.o wrf_inputout.o wrf_auxinput1out.o wrf_auxinput2out.o wrf_auxinput3out.o wrf_auxinput4out.o wrf_auxinput5out.o wrf_auxinput6out.o wrf_auxinput7out.o wrf_auxinput8out.o wrf_auxinput9out.o wrf_auxinput10out.o wrf_auxinput11out.o wrf_histout.o wrf_auxhist1out.o wrf_auxhist2out.o wrf_auxhist3out.o wrf_auxhist4out.o wrf_auxhist5out.o wrf_auxhist6out.o wrf_auxhist7out.o wrf_auxhist8out.o wrf_auxhist9out.o wrf_auxhist10out.o wrf_auxhist11out.o wrf_restartout.o wrf_bdyout.o wrf_inputin.o wrf_auxhist1in.o wrf_auxhist2in.o wrf_auxhist3in.o wrf_auxhist4in.o wrf_auxhist5in.o wrf_auxhist6in.o wrf_auxhist7in.o wrf_auxhist8in.o wrf_auxhist9in.o wrf_auxhist10in.o wrf_auxhist11in.o wrf_auxinput1in.o wrf_auxinput2in.o wrf_auxinput3in.o wrf_auxinput4in.o wrf_auxinput5in.o wrf_auxinput6in.o wrf_auxinput7in.o wrf_auxinput8in.o wrf_auxinput9in.o wrf_auxinput10in.o wrf_auxinput11in.o wrf_fddaobs_in.o wrf_bdyin.o wrf_histin.o wrf_restartin.o landread.o             ; \
                fi
make[2]: Leaving directory `/home/jmandel/wrf/wrfv2_fire/share'
make[1]: Leaving directory `/home/jmandel/wrf/wrfv2_fire'
make -i -r MODULE_DIRS="-I../dyn_em -I../dyn_nmm  -module ../main -I../external/io_netcdf -I../external/io_int -I../external/esmf_time_f90 -I../external -I../frame -I../share -I../phys -I../inc -I../chem" physics
make[1]: Entering directory `/home/jmandel/wrf/wrfv2_fire'
configure.wrf:202: warning: overriding commands for target `module_dm.o'
configure.wrf:191: warning: ignoring old commands for target `module_dm.o'
--------------------------------------
( cd phys ; make -i -r )
make[2]: Entering directory `/home/jmandel/wrf/wrfv2_fire/phys'
../configure.wrf:202: warning: overriding commands for target `module_dm.o'
../configure.wrf:191: warning: ignoring old commands for target `module_dm.o'
if [ 0 -eq 1 ] ; then \
                  make -i -r nmm_contrib                                      ; \
                  ar ru ../main/libwrflib.a module_bl_ysu.o module_bl_mrf.o module_bl_gfs.o module_bl_myjpbl.o module_cu_kf.o module_cu_bmj.o module_cu_kfeta.o module_cu_gd.o module_cu_sas.o module_mp_kessler.o module_mp_ncloud5.o module_mp_lin.o module_mp_ncloud3.o module_mp_wsm3.o module_mp_wsm5.o module_mp_wsm6.o module_mp_etanew.o module_mp_thompson.o module_ra_sw.o module_ra_gsfcsw.o module_ra_rrtm.o module_ra_cam.o module_ra_gfdleta.o module_sf_sfclay.o module_sf_gfs.o module_sf_slab.o module_sf_noahlsm.o module_sf_urban.o module_sf_lsm_nmm.o module_sf_ruclsm.o module_sf_sfcdiags.o module_sf_myjsfc.o module_physics_addtendc.o module_physics_init.o module_gfs_machine.o module_gfs_funcphys.o module_gfs_physcons.o module_progtm.o module_pbl_driver.o module_cumulus_driver.o module_microphysics_driver.o module_microphysics_zero_out.o module_mixactivate.o module_radiation_driver.o module_surface_driver.o module_diagnostics.o module_fdda_psufddagd.o module_fddagd_driver.o module_fddaobs_rtfdda.o module_fddaobs_driver.o module_fire_driver.o module_fr_cawfe.o module_fr_cawfe_fuel.o module_fire_debug_output.o module_fr_sfire_model.o module_fr_sfire_prop.o module_fr_sfire_core.o module_fr_sfire_burn.o module_fr_sfire_phys.o module_fr_sfire_util.o    ; \
                else                                                         \
                  make -i -r non_nmm                                          ; \
                  ar ru ../main/libwrflib.a module_bl_ysu.o module_bl_mrf.o module_bl_gfs.o module_bl_myjpbl.o module_cu_kf.o module_cu_bmj.o module_cu_kfeta.o module_cu_gd.o module_cu_sas.o module_mp_kessler.o module_mp_ncloud5.o module_mp_lin.o module_mp_ncloud3.o module_mp_wsm3.o module_mp_wsm5.o module_mp_wsm6.o module_mp_etanew.o module_mp_thompson.o module_ra_sw.o module_ra_gsfcsw.o module_ra_rrtm.o module_ra_cam.o module_ra_gfdleta.o module_sf_sfclay.o module_sf_gfs.o module_sf_slab.o module_sf_noahlsm.o module_sf_urban.o module_sf_lsm_nmm.o module_sf_ruclsm.o module_sf_sfcdiags.o module_sf_myjsfc.o module_physics_addtendc.o module_physics_init.o module_gfs_machine.o module_gfs_funcphys.o module_gfs_physcons.o module_progtm.o module_pbl_driver.o module_cumulus_driver.o module_microphysics_driver.o module_microphysics_zero_out.o module_mixactivate.o module_radiation_driver.o module_surface_driver.o module_diagnostics.o module_fdda_psufddagd.o module_fddagd_driver.o module_fddaobs_rtfdda.o module_fddaobs_driver.o module_fire_driver.o module_fr_cawfe.o module_fr_cawfe_fuel.o module_fire_debug_output.o module_fr_sfire_model.o module_fr_sfire_prop.o module_fr_sfire_core.o module_fr_sfire_burn.o module_fr_sfire_phys.o module_fr_sfire_util.o              ; \
                fi
make[3]: Entering directory `/home/jmandel/wrf/wrfv2_fire/phys'
../configure.wrf:202: warning: overriding commands for target `module_dm.o'
../configure.wrf:191: warning: ignoring old commands for target `module_dm.o'
make[3]: *** No rule to make target `\', needed by `module_fr_sfire_util.o'.  Stop.
make[3]: Leaving directory `/home/jmandel/wrf/wrfv2_fire/phys'
ar: module_fire_driver.o: No such file or directory
make[2]: [physics] Error 1 (ignored)
make[2]: Leaving directory `/home/jmandel/wrf/wrfv2_fire/phys'
make[1]: Leaving directory `/home/jmandel/wrf/wrfv2_fire'
if [ 0  -eq 1 ]    ; then make -i -r MODULE_DIRS="-I../dyn_em -I../dyn_nmm  -module ../main -I../external/io_netcdf -I../external/io_int -I../external/esmf_time_f90 -I../external -I../frame -I../share -I../phys -I../inc -I../chem" chemics ; fi
if [ 1 -eq 1 ]    ; then make -i -r MODULE_DIRS="-I../dyn_em -I../dyn_nmm  -module ../main -I../external/io_netcdf -I../external/io_int -I../external/esmf_time_f90 -I../external -I../frame -I../share -I../phys -I../inc -I../chem" em_core ; fi
make[1]: Entering directory `/home/jmandel/wrf/wrfv2_fire'
configure.wrf:202: warning: overriding commands for target `module_dm.o'
configure.wrf:191: warning: ignoring old commands for target `module_dm.o'
--------------------------------------
( cd dyn_em ; make -i -r )
make[2]: Entering directory `/home/jmandel/wrf/wrfv2_fire/dyn_em'
../configure.wrf:202: warning: overriding commands for target `module_dm.o'
../configure.wrf:191: warning: ignoring old commands for target `module_dm.o'
rm -f ../phys/module_fire_driver.o
sed -f ../arch/standard.sed ../phys/module_fire_driver.F > ../phys/module_fire_driver.b 
/lib/cpp -traditional -I../inc -I. -C -P -DEM_CORE=1 -DNMM_CORE=0 -DNMM_MAX_DIM=2600 -DCOAMPS_CORE=0 -DEXP_CORE=0  -DLIMIT_ARGS -DIWORDSIZE=4 -DDWORDSIZE=8 -DRWORDSIZE=4 -DLWORDSIZE=4 -DNETCDF -DGRIB1 -DGRIB2   -DEM_CORE=1 -DNMM_CORE=0 -DNMM_MAX_DIM=2600 -DCOAMPS_CORE=0 -DEXP_CORE=0 -DNONSTANDARD_SYSTEM -DCONFIG_BUF_LEN=16384 -DMAX_DOMAINS_F=21 ../phys/module_fire_driver.b  > ../phys/module_fire_driver.f90
rm -f ../phys/module_fire_driver.b
ifort -g  -debug extended -debug-parameters all -traceback -c -O0 -w -FR -cm -I. -Vaxlib -convert big_endian -mp  -I../dyn_em -I../dyn_nmm  -module ../main -I../external/io_netcdf -I../external/io_int -I../external/esmf_time_f90 -I../external -I../frame -I../share -I../phys -I../inc -I../chem -real_size `expr 4 \* 8`  ../phys/module_fire_driver.f90
fortcom: Error: ../phys/module_fire_driver.f90, line 45: Error in opening the Library module file.   [MODULE_FR_CAWFE]
   USE module_fr_cawfe
-------^
compilation aborted for ../phys/module_fire_driver.f90 (code 1)
make[2]: [../phys/module_fire_driver.o] Error 1 (ignored)
rm -f ../phys/module_fire_debug_output.o
sed -f ../arch/standard.sed ../phys/module_fire_debug_output.F > ../phys/module_fire_debug_output.b 
/lib/cpp -traditional -I../inc -I. -C -P -DEM_CORE=1 -DNMM_CORE=0 -DNMM_MAX_DIM=2600 -DCOAMPS_CORE=0 -DEXP_CORE=0  -DLIMIT_ARGS -DIWORDSIZE=4 -DDWORDSIZE=8 -DRWORDSIZE=4 -DLWORDSIZE=4 -DNETCDF -DGRIB1 -DGRIB2   -DEM_CORE=1 -DNMM_CORE=0 -DNMM_MAX_DIM=2600 -DCOAMPS_CORE=0 -DEXP_CORE=0 -DNONSTANDARD_SYSTEM -DCONFIG_BUF_LEN=16384 -DMAX_DOMAINS_F=21 ../phys/module_fire_debug_output.b  > ../phys/module_fire_debug_output.f90
rm -f ../phys/module_fire_debug_output.b
ifort -g  -debug extended -debug-parameters all -traceback -c -O0 -w -FR -cm -I. -Vaxlib -convert big_endian -mp  -I../dyn_em -I../dyn_nmm  -module ../main -I../external/io_netcdf -I../external/io_int -I../external/esmf_time_f90 -I../external -I../frame -I../share -I../phys -I../inc -I../chem -real_size `expr 4 \* 8`  ../phys/module_fire_debug_output.f90
rm -f solve_em.o
sed -f ../arch/standard.sed solve_em.F > solve_em.b 
/lib/cpp -traditional -I../inc -I. -C -P -DEM_CORE=1 -DNMM_CORE=0 -DNMM_MAX_DIM=2600 -DCOAMPS_CORE=0 -DEXP_CORE=0  -DLIMIT_ARGS -DIWORDSIZE=4 -DDWORDSIZE=8 -DRWORDSIZE=4 -DLWORDSIZE=4 -DNETCDF -DGRIB1 -DGRIB2   -DEM_CORE=1 -DNMM_CORE=0 -DNMM_MAX_DIM=2600 -DCOAMPS_CORE=0 -DEXP_CORE=0 -DNONSTANDARD_SYSTEM -DCONFIG_BUF_LEN=16384 -DMAX_DOMAINS_F=21 solve_em.b  > solve_em.f90
rm -f solve_em.b
ifort -g  -debug extended -debug-parameters all -traceback -c -O0 -w -FR -cm -I. -Vaxlib -convert big_endian -mp  -I../dyn_em -I../dyn_nmm  -module ../main -I../external/io_netcdf -I../external/io_int -I../external/esmf_time_f90 -I../external -I../frame -I../share -I../phys -I../inc -I../chem -real_size `expr 4 \* 8`  solve_em.f90
fortcom: Error: solve_em.f90, line 45: Error in opening the Library module file.   [MODULE_FIRE_DRIVER]
   USE module_fire_driver
-------^
compilation aborted for solve_em.f90 (code 1)
make[2]: [solve_em.o] Error 1 (ignored)
ar ru ../main/libwrflib.a module_advect_em.o module_diffusion_em.o module_small_step_em.o module_big_step_utilities_em.o module_em.o module_solvedebug_em.o module_bc_em.o module_init_utilities.o  init_modules_em.o solve_em.o start_em.o shift_domain_em.o couple_or_uncouple_em.o nest_init_utils.o interp_domain_em.o
ar: solve_em.o: No such file or directory
make[2]: [dyn_em] Error 1 (ignored)
make[2]: Leaving directory `/home/jmandel/wrf/wrfv2_fire/dyn_em'
make[1]: Leaving directory `/home/jmandel/wrf/wrfv2_fire'
if [ 0 -eq 1 ]   ; then make -i -r MODULE_DIRS="-I../dyn_em -I../dyn_nmm  -module ../main -I../external/io_netcdf -I../external/io_int -I../external/esmf_time_f90 -I../external -I../frame -I../share -I../phys -I../inc -I../chem" nmm_core ; fi
if [ 0 -eq 1 ]   ; then make -i -r MODULE_DIRS="-I../dyn_em -I../dyn_nmm  -module ../main -I../external/io_netcdf -I../external/io_int -I../external/esmf_time_f90 -I../external -I../frame -I../share -I../phys -I../inc -I../chem" exp_core ; fi
( cd main ; make -i -r MODULE_DIRS="-I../dyn_em -I../dyn_nmm  -module ../main -I../external/io_netcdf -I../external/io_int -I../external/esmf_time_f90 -I../external -I../frame -I../share -I../phys -I../inc -I../chem" SOLVER=em em_wrf )
make[1]: Entering directory `/home/jmandel/wrf/wrfv2_fire/main'
../configure.wrf:202: warning: overriding commands for target `module_dm.o'
../configure.wrf:191: warning: ignoring old commands for target `module_dm.o'
ranlib libwrflib.a
ifort -g  -debug extended -debug-parameters all -traceback -o wrf.exe -O0 -w -FR -cm -I. -Vaxlib -convert big_endian -mp    wrf.o libwrflib.a -L../external/io_netcdf -lwrfio_nf -L/opt/wrf-libs/netcdf/lib -lnetcdf ../frame/module_internal_header_util.o ../frame/pack_utils.o -L../external/esmf_time_f90 -lesmf_time -L../external/io_grib1 -lio_grib1 -L../external/io_grib2 -lio_grib2 -L/opt/wrf-libs/jasper/lib -ljasper -L../external/io_grib_share -lio_grib_share
/opt/wrf-libs/jasper/lib/libjasper.a(jas_stream.o): In function `jas_stream_tmpfile':
/home/jbeezley/source/jasper-1.900.1/src/libjasper/base/jas_stream.c:368: warning: the use of `tmpnam' is dangerous, better use `mkstemp'
libwrflib.a(mediation_integrate.o): In function `med_nest_initial':
/home/jmandel/wrf/wrfv2_fire/share/mediation_integrate.f90:363: undefined reference to `store_terrain_'
/home/jmandel/wrf/wrfv2_fire/share/mediation_integrate.f90:367: undefined reference to `store_terrain_'
/home/jmandel/wrf/wrfv2_fire/share/mediation_integrate.f90:371: undefined reference to `store_terrain_'
/home/jmandel/wrf/wrfv2_fire/share/mediation_integrate.f90:381: undefined reference to `input_terrain_rsmas_'
/home/jmandel/wrf/wrfv2_fire/share/mediation_integrate.f90:388: undefined reference to `blend_terrain_'
/home/jmandel/wrf/wrfv2_fire/share/mediation_integrate.f90:392: undefined reference to `blend_terrain_'
/home/jmandel/wrf/wrfv2_fire/share/mediation_integrate.f90:396: undefined reference to `blend_terrain_'
libwrflib.a(mediation_integrate.o): In function `init_domain_constants':
/home/jmandel/wrf/wrfv2_fire/share/mediation_integrate.f90:505: undefined reference to `init_domain_constants_em_'
libwrflib.a(start_domain.o): In function `start_domain':
/home/jmandel/wrf/wrfv2_fire/share/start_domain.f90:38: undefined reference to `start_domain_em_'
libwrflib.a(init_modules.o): In function `init_modules':
/home/jmandel/wrf/wrfv2_fire/share/init_modules.f90:80: undefined reference to `init_modules_em_'
libwrflib.a(solve_interface.o): In function `solve_interface':
/home/jmandel/wrf/wrfv2_fire/share/solve_interface.f90:139: undefined reference to `solve_em_'
make[1]: [em_wrf] Error 1 (ignored)
make[1]: Leaving directory `/home/jmandel/wrf/wrfv2_fire/main'
( cd run ; /bin/rm -f wrf.exe ; ln -s ../main/wrf.exe . )
if [ 0 -eq 1 ] ; then \
	  ( cd main ; make -i -r MODULE_DIRS="-I../dyn_em -I../dyn_nmm  -module ../main -I../external/io_netcdf -I../external/io_int -I../external/esmf_time_f90 -I../external -I../frame -I../share -I../phys -I../inc -I../chem" SOLVER=em em_wrf_ESMFApp ) ; \
	fi
--------------------------------------
( cd main ; make -i -r MODULE_DIRS="-I../dyn_em -I../dyn_nmm  -module ../main -I../external/io_netcdf -I../external/io_int -I../external/esmf_time_f90 -I../external -I../frame -I../share -I../phys -I../inc -I../chem" SOLVER=em IDEAL_CASE=fire em_ideal )
make[1]: Entering directory `/home/jmandel/wrf/wrfv2_fire/main'
../configure.wrf:202: warning: overriding commands for target `module_dm.o'
../configure.wrf:191: warning: ignoring old commands for target `module_dm.o'
( cd ../dyn_em ;  make -i -r module_initialize_fire.o )
make[2]: Entering directory `/home/jmandel/wrf/wrfv2_fire/dyn_em'
../configure.wrf:202: warning: overriding commands for target `module_dm.o'
../configure.wrf:191: warning: ignoring old commands for target `module_dm.o'
make[2]: `module_initialize_fire.o' is up to date.
make[2]: Leaving directory `/home/jmandel/wrf/wrfv2_fire/dyn_em'
rm -f ideal.o
sed -f ../arch/standard.sed ideal.F > ideal.b 
/lib/cpp -traditional -I../inc -I. -C -P -DEM_CORE=1 -DNMM_CORE=0 -DNMM_MAX_DIM=2600 -DCOAMPS_CORE=0 -DEXP_CORE=0  -DLIMIT_ARGS -DIWORDSIZE=4 -DDWORDSIZE=8 -DRWORDSIZE=4 -DLWORDSIZE=4 -DNETCDF -DGRIB1 -DGRIB2   -DEM_CORE=1 -DNMM_CORE=0 -DNMM_MAX_DIM=2600 -DCOAMPS_CORE=0 -DEXP_CORE=0 -DNONSTANDARD_SYSTEM -DCONFIG_BUF_LEN=16384 -DMAX_DOMAINS_F=21 ideal.b  > ideal.f90
rm -f ideal.b
ifort -g  -debug extended -debug-parameters all -traceback -c -O0 -w -FR -cm -I. -Vaxlib -convert big_endian -mp  -I../dyn_em -I../dyn_nmm  -module ../main -I../external/io_netcdf -I../external/io_int -I../external/esmf_time_f90 -I../external -I../frame -I../share -I../phys -I../inc -I../chem -real_size `expr 4 \* 8`  ideal.f90
ranlib libwrflib.a
ifort -g  -debug extended -debug-parameters all -traceback -o ideal.exe -O0 -w -FR -cm -I. -Vaxlib -convert big_endian -mp    ideal.o ../dyn_em/module_initialize_fire.o libwrflib.a -L../external/io_netcdf -lwrfio_nf -L/opt/wrf-libs/netcdf/lib -lnetcdf ../frame/module_internal_header_util.o ../frame/pack_utils.o -L../external/esmf_time_f90 -lesmf_time -L../external/io_grib1 -lio_grib1 -L../external/io_grib2 -lio_grib2 -L/opt/wrf-libs/jasper/lib -ljasper -L../external/io_grib_share -lio_grib_share
/opt/wrf-libs/jasper/lib/libjasper.a(jas_stream.o): In function `jas_stream_tmpfile':
/home/jbeezley/source/jasper-1.900.1/src/libjasper/base/jas_stream.c:368: warning: the use of `tmpnam' is dangerous, better use `mkstemp'
../dyn_em/module_initialize_fire.o: In function `init_domain_rk':
/home/jmandel/wrf/wrfv2_fire/dyn_em/module_initialize_fire.f90:381: undefined reference to `module_init_utilities_mp_interp_0_'
/home/jmandel/wrf/wrfv2_fire/dyn_em/module_initialize_fire.f90:405: undefined reference to `module_init_utilities_mp_interp_0_'
/home/jmandel/wrf/wrfv2_fire/dyn_em/module_initialize_fire.f90:414: undefined reference to `module_init_utilities_mp_interp_0_'
/home/jmandel/wrf/wrfv2_fire/dyn_em/module_initialize_fire.f90:446: undefined reference to `module_init_utilities_mp_interp_0_'
/home/jmandel/wrf/wrfv2_fire/dyn_em/module_initialize_fire.f90:461: undefined reference to `module_init_utilities_mp_interp_0_'
../dyn_em/module_initialize_fire.o:/home/jmandel/wrf/wrfv2_fire/dyn_em/module_initialize_fire.f90:462: more undefined references to `module_init_utilities_mp_interp_0_' follow
libwrflib.a(start_domain.o): In function `start_domain':
/home/jmandel/wrf/wrfv2_fire/share/start_domain.f90:38: undefined reference to `start_domain_em_'
libwrflib.a(init_modules.o): In function `init_modules':
/home/jmandel/wrf/wrfv2_fire/share/init_modules.f90:80: undefined reference to `init_modules_em_'
make[1]: [em_ideal] Error 1 (ignored)
make[1]: Leaving directory `/home/jmandel/wrf/wrfv2_fire/main'
( cd test/em_fire ; /bin/rm -f wrf.exe ; ln -s ../../main/wrf.exe . )
( cd test/em_fire ; /bin/rm -f ideal.exe ; ln -s ../../main/ideal.exe . )
( cd test/em_fire ; /bin/rm -f README.namelist ; ln -s ../../run/README.namelist . )
( cd test/em_fire ; /bin/rm -f gribmap.txt ; ln -s ../../run/gribmap.txt . )
( cd test/em_fire ; /bin/rm -f grib2map.tbl ; ln -s ../../run/grib2map.tbl . )
( cd run ; /bin/rm -f ideal.exe ; ln -s ../main/ideal.exe . )
( cd run ; if test -f namelist.input ; then \
		/bin/cp -f namelist.input namelist.input.backup ; fi ; \
		/bin/rm -f namelist.input ; ln -s ../test/em_fire/namelist.input . )
( cd run ; /bin/rm -f input_sounding ; ln -s ../test/em_fire/input_sounding . )
